This is pdfTeX, Version 3.14159265-2.6-1.40.21 (MiKTeX 20.6.29) (preloaded format=pdflatex 2020.8.29)  24 NOV 2020 18:35
entering extended mode
**./prac1.tex
(prac1.tex
LaTeX2e <2020-02-02> patch level 5
L3 programming layer <2020-06-18>

! Package inputenc Error: Unicode character Ø¯ (U+062F)
(inputenc)                not set up for use with LaTeX.

See the inputenc package documentation for explanation.
Type  H <return>  for immediate help.
 ...                                              
                                                  
l.1 Ø¯
      Ø± Ø§ÛŒÙ† Ø³ÙˆØ§Ù„ Ø¨Ù‡ Ø´Ù…Ø§ Ø¯Ø§Ø¯Ù‡ Ù‡Ø§ÛŒÛŒ Ù…Ø±Ø¨ÙˆØ· Ø¨Ù‡ Ù†Ø¸Ø...

You may provide a definition with
\DeclareUnicodeCharacter 


! Package inputenc Error: Unicode character Ø± (U+0631)
(inputenc)                not set up for use with LaTeX.

See the inputenc package documentation for explanation.
Type  H <return>  for immediate help.
 ...                                              
                                                  
l.1 Ø¯Ø±
         Ø§ÛŒÙ† Ø³ÙˆØ§Ù„ Ø¨Ù‡ Ø´Ù…Ø§ Ø¯Ø§Ø¯Ù‡ Ù‡Ø§ÛŒÛŒ Ù…Ø±Ø¨ÙˆØ· Ø¨Ù‡ Ù†Ø¸Ø...

You may provide a definition with
\DeclareUnicodeCharacter 


! Package inputenc Error: Unicode character Ø§ (U+0627)
(inputenc)                not set up for use with LaTeX.

See the inputenc package documentation for explanation.
Type  H <return>  for immediate help.
 ...                                              
                                                  
l.1 Ø¯Ø± Ø§
           ÛŒÙ† Ø³ÙˆØ§Ù„ Ø¨Ù‡ Ø´Ù…Ø§ Ø¯Ø§Ø¯Ù‡ Ù‡Ø§ÛŒÛŒ Ù…Ø±Ø¨ÙˆØ· Ø¨Ù‡ Ù†Ø¸Ø...

You may provide a definition with
\DeclareUnicodeCharacter 


! Package inputenc Error: Unicode character ÛŒ (U+06CC)
(inputenc)                not set up for use with LaTeX.

See the inputenc package documentation for explanation.
Type  H <return>  for immediate help.
 ...                                              
                                                  
l.1 Ø¯Ø± Ø§ÛŒ
             Ù† Ø³ÙˆØ§Ù„ Ø¨Ù‡ Ø´Ù…Ø§ Ø¯Ø§Ø¯Ù‡ Ù‡Ø§ÛŒÛŒ Ù…Ø±Ø¨ÙˆØ· Ø¨Ù‡ Ù†Ø¸Ø...

You may provide a definition with
\DeclareUnicodeCharacter 


! Package inputenc Error: Unicode character Ù† (U+0646)
(inputenc)                not set up for use with LaTeX.

See the inputenc package documentation for explanation.
Type  H <return>  for immediate help.
 ...                                              
                                                  
l.1 Ø¯Ø± Ø§ÛŒÙ†
                Ø³ÙˆØ§Ù„ Ø¨Ù‡ Ø´Ù…Ø§ Ø¯Ø§Ø¯Ù‡ Ù‡Ø§ÛŒÛŒ Ù…Ø±Ø¨ÙˆØ· Ø¨Ù‡ Ù†Ø¸Ø...

You may provide a definition with
\DeclareUnicodeCharacter 


! Package inputenc Error: Unicode character Ø³ (U+0633)
(inputenc)                not set up for use with LaTeX.

See the inputenc package documentation for explanation.
Type  H <return>  for immediate help.
 ...                                              
                                                  
l.1 Ø¯Ø± Ø§ÛŒÙ† Ø³
                  ÙˆØ§Ù„ Ø¨Ù‡ Ø´Ù…Ø§ Ø¯Ø§Ø¯Ù‡ Ù‡Ø§ÛŒÛŒ Ù…Ø±Ø¨ÙˆØ· Ø¨Ù‡ Ù†Ø¸Ø...

You may provide a definition with
\DeclareUnicodeCharacter 


! Package inputenc Error: Unicode character Ùˆ (U+0648)
(inputenc)                not set up for use with LaTeX.

See the inputenc package documentation for explanation.
Type  H <return>  for immediate help.
 ...                                              
                                                  
l.1 Ø¯Ø± Ø§ÛŒÙ† Ø³Ùˆ
                    Ø§Ù„ Ø¨Ù‡ Ø´Ù…Ø§ Ø¯Ø§Ø¯Ù‡ Ù‡Ø§ÛŒÛŒ Ù…Ø±Ø¨ÙˆØ· Ø¨Ù‡ Ù†Ø¸Ø...

You may provide a definition with
\DeclareUnicodeCharacter 


! Package inputenc Error: Unicode character Ø§ (U+0627)
(inputenc)                not set up for use with LaTeX.

See the inputenc package documentation for explanation.
Type  H <return>  for immediate help.
 ...                                              
                                                  
l.1 Ø¯Ø± Ø§ÛŒÙ† Ø³ÙˆØ§
                      Ù„ Ø¨Ù‡ Ø´Ù…Ø§ Ø¯Ø§Ø¯Ù‡ Ù‡Ø§ÛŒÛŒ Ù…Ø±Ø¨ÙˆØ· Ø¨Ù‡ Ù†Ø¸Ø...

You may provide a definition with
\DeclareUnicodeCharacter 


! Package inputenc Error: Unicode character Ù„ (U+0644)
(inputenc)                not set up for use with LaTeX.

See the inputenc package documentation for explanation.
Type  H <return>  for immediate help.
 ...                                              
                                                  
l.1 Ø¯Ø± Ø§ÛŒÙ† Ø³ÙˆØ§Ù„
                         Ø¨Ù‡ Ø´Ù…Ø§ Ø¯Ø§Ø¯Ù‡ Ù‡Ø§ÛŒÛŒ Ù…Ø±Ø¨ÙˆØ· Ø¨Ù‡ Ù†Ø¸Ø...

You may provide a definition with
\DeclareUnicodeCharacter 


! Package inputenc Error: Unicode character Ø¨ (U+0628)
(inputenc)                not set up for use with LaTeX.

See the inputenc package documentation for explanation.
Type  H <return>  for immediate help.
 ...                                              
                                                  
l.1 Ø¯Ø± Ø§ÛŒÙ† Ø³ÙˆØ§Ù„ Ø¨
                           Ù‡ Ø´Ù…Ø§ Ø¯Ø§Ø¯Ù‡ Ù‡Ø§ÛŒÛŒ Ù…Ø±Ø¨ÙˆØ· Ø¨Ù‡ Ù†Ø¸Ø...

You may provide a definition with
\DeclareUnicodeCharacter 


! Package inputenc Error: Unicode character Ù‡ (U+0647)
(inputenc)                not set up for use with LaTeX.

See the inputenc package documentation for explanation.
Type  H <return>  for immediate help.
 ...                                              
                                                  
l.1 Ø¯Ø± Ø§ÛŒÙ† Ø³ÙˆØ§Ù„ Ø¨Ù‡
                              Ø´Ù…Ø§ Ø¯Ø§Ø¯Ù‡ Ù‡Ø§ÛŒÛŒ Ù…Ø±Ø¨ÙˆØ· Ø¨Ù‡ Ù†Ø¸Ø...

You may provide a definition with
\DeclareUnicodeCharacter 


! Package inputenc Error: Unicode character Ø´ (U+0634)
(inputenc)                not set up for use with LaTeX.

See the inputenc package documentation for explanation.
Type  H <return>  for immediate help.
 ...                                              
                                                  
l.1 Ø¯Ø± Ø§ÛŒÙ† Ø³ÙˆØ§Ù„ Ø¨Ù‡ Ø´
                                Ù…Ø§ Ø¯Ø§Ø¯Ù‡ Ù‡Ø§ÛŒÛŒ Ù…Ø±Ø¨ÙˆØ· Ø¨Ù‡ Ù†Ø¸Ø...

You may provide a definition with
\DeclareUnicodeCharacter 


! Package inputenc Error: Unicode character Ù… (U+0645)
(inputenc)                not set up for use with LaTeX.

See the inputenc package documentation for explanation.
Type  H <return>  for immediate help.
 ...                                              
                                                  
l.1 Ø¯Ø± Ø§ÛŒÙ† Ø³ÙˆØ§Ù„ Ø¨Ù‡ Ø´Ù…
                                  Ø§ Ø¯Ø§Ø¯Ù‡ Ù‡Ø§ÛŒÛŒ Ù…Ø±Ø¨ÙˆØ· Ø¨Ù‡ Ù†Ø¸Ø...

You may provide a definition with
\DeclareUnicodeCharacter 


! Package inputenc Error: Unicode character Ø§ (U+0627)
(inputenc)                not set up for use with LaTeX.

See the inputenc package documentation for explanation.
Type  H <return>  for immediate help.
 ...                                              
                                                  
l.1 Ø¯Ø± Ø§ÛŒÙ† Ø³ÙˆØ§Ù„ Ø¨Ù‡ Ø´Ù…Ø§
                                     Ø¯Ø§Ø¯Ù‡ Ù‡Ø§ÛŒÛŒ Ù…Ø±Ø¨ÙˆØ· Ø¨Ù‡ Ù†Ø¸Ø...

You may provide a definition with
\DeclareUnicodeCharacter 


! Package inputenc Error: Unicode character Ø¯ (U+062F)
(inputenc)                not set up for use with LaTeX.

See the inputenc package documentation for explanation.
Type  H <return>  for immediate help.
 ...                                              
                                                  
l.1 Ø¯Ø± Ø§ÛŒÙ† Ø³ÙˆØ§Ù„ Ø¨Ù‡ Ø´Ù…Ø§ Ø¯
                                       Ø§Ø¯Ù‡ Ù‡Ø§ÛŒÛŒ Ù…Ø±Ø¨ÙˆØ· Ø¨Ù‡ Ù†Ø¸Ø...

You may provide a definition with
\DeclareUnicodeCharacter 


! Package inputenc Error: Unicode character Ø§ (U+0627)
(inputenc)                not set up for use with LaTeX.

See the inputenc package documentation for explanation.
Type  H <return>  for immediate help.
 ...                                              
                                                  
l.1 Ø¯Ø± Ø§ÛŒÙ† Ø³ÙˆØ§Ù„ Ø¨Ù‡ Ø´Ù…Ø§ Ø¯Ø§
                                         Ø¯Ù‡ Ù‡Ø§ÛŒÛŒ Ù…Ø±Ø¨ÙˆØ· Ø¨Ù‡ Ù†Ø¸Ø...

You may provide a definition with
\DeclareUnicodeCharacter 


! Package inputenc Error: Unicode character Ø¯ (U+062F)
(inputenc)                not set up for use with LaTeX.

See the inputenc package documentation for explanation.
Type  H <return>  for immediate help.
 ...                                              
                                                  
l.1 Ø¯Ø± Ø§ÛŒÙ† Ø³ÙˆØ§Ù„ Ø¨Ù‡ Ø´Ù…Ø§ Ø¯Ø§Ø¯
                                           Ù‡ Ù‡Ø§ÛŒÛŒ Ù…Ø±Ø¨ÙˆØ· Ø¨Ù‡ Ù†Ø¸Ø...

You may provide a definition with
\DeclareUnicodeCharacter 


! Package inputenc Error: Unicode character Ù‡ (U+0647)
(inputenc)                not set up for use with LaTeX.

See the inputenc package documentation for explanation.
Type  H <return>  for immediate help.
 ...                                              
                                                  
l.1 Ø¯Ø± Ø§ÛŒÙ† Ø³ÙˆØ§Ù„ Ø¨Ù‡ Ø´Ù…Ø§ Ø¯Ø§Ø¯Ù‡
                                              Ù‡Ø§ÛŒÛŒ Ù…Ø±Ø¨ÙˆØ· Ø¨Ù‡ Ù†Ø¸Ø...

You may provide a definition with
\DeclareUnicodeCharacter 


! Package inputenc Error: Unicode character Ù‡ (U+0647)
(inputenc)                not set up for use with LaTeX.

See the inputenc package documentation for explanation.
Type  H <return>  for immediate help.
 ...                                              
                                                  
l.1 Ø¯Ø± Ø§ÛŒÙ† Ø³ÙˆØ§Ù„ Ø¨Ù‡ Ø´Ù…Ø§ Ø¯Ø§Ø¯Ù‡ Ù‡
                                                Ø§ÛŒÛŒ Ù…Ø±Ø¨ÙˆØ· Ø¨Ù‡ Ù†Ø¸Ø...

You may provide a definition with
\DeclareUnicodeCharacter 


! Package inputenc Error: Unicode character Ø§ (U+0627)
(inputenc)                not set up for use with LaTeX.

See the inputenc package documentation for explanation.
Type  H <return>  for immediate help.
 ...                                              
                                                  
l.1 Ø¯Ø± Ø§ÛŒÙ† Ø³ÙˆØ§Ù„ Ø¨Ù‡ Ø´Ù…Ø§ Ø¯Ø§Ø¯Ù‡ Ù‡Ø§
                                                  ÛŒÛŒ Ù…Ø±Ø¨ÙˆØ· Ø¨Ù‡ Ù†Ø¸Ø...

You may provide a definition with
\DeclareUnicodeCharacter 


! Package inputenc Error: Unicode character ÛŒ (U+06CC)
(inputenc)                not set up for use with LaTeX.

See the inputenc package documentation for explanation.
Type  H <return>  for immediate help.
 ...                                              
                                                  
l.1 ...Ø§ÛŒÙ† Ø³ÙˆØ§Ù„ Ø¨Ù‡ Ø´Ù…Ø§ Ø¯Ø§Ø¯Ù‡ Ù‡Ø§ÛŒ
                                                  ÛŒ Ù…Ø±Ø¨ÙˆØ· Ø¨Ù‡ Ù†Ø¸Ø±Ø...

You may provide a definition with
\DeclareUnicodeCharacter 


! Package inputenc Error: Unicode character ÛŒ (U+06CC)
(inputenc)                not set up for use with LaTeX.

See the inputenc package documentation for explanation.
Type  H <return>  for immediate help.
 ...                                              
                                                  
l.1 ...ÛŒÙ† Ø³ÙˆØ§Ù„ Ø¨Ù‡ Ø´Ù…Ø§ Ø¯Ø§Ø¯Ù‡ Ù‡Ø§ÛŒÛŒ
                                                   Ù…Ø±Ø¨ÙˆØ· Ø¨Ù‡ Ù†Ø¸Ø±Ø§Ø...

You may provide a definition with
\DeclareUnicodeCharacter 


! Package inputenc Error: Unicode character Ù… (U+0645)
(inputenc)                not set up for use with LaTeX.

See the inputenc package documentation for explanation.
Type  H <return>  for immediate help.
 ...                                              
                                                  
l.1 ...† Ø³ÙˆØ§Ù„ Ø¨Ù‡ Ø´Ù…Ø§ Ø¯Ø§Ø¯Ù‡ Ù‡Ø§ÛŒÛŒ Ù…
                                                  Ø±Ø¨ÙˆØ· Ø¨Ù‡ Ù†Ø¸Ø±Ø§Øª Ø...

You may provide a definition with
\DeclareUnicodeCharacter 


! Package inputenc Error: Unicode character Ø± (U+0631)
(inputenc)                not set up for use with LaTeX.

See the inputenc package documentation for explanation.
Type  H <return>  for immediate help.
 ...                                              
                                                  
l.1 ...Ø³ÙˆØ§Ù„ Ø¨Ù‡ Ø´Ù…Ø§ Ø¯Ø§Ø¯Ù‡ Ù‡Ø§ÛŒÛŒ Ù…Ø±
                                                  Ø¨ÙˆØ· Ø¨Ù‡ Ù†Ø¸Ø±Ø§Øª Ø§Ø...

You may provide a definition with
\DeclareUnicodeCharacter 


! Package inputenc Error: Unicode character Ø¨ (U+0628)
(inputenc)                not set up for use with LaTeX.

See the inputenc package documentation for explanation.
Type  H <return>  for immediate help.
 ...                                              
                                                  
l.1 ...ÙˆØ§Ù„ Ø¨Ù‡ Ø´Ù…Ø§ Ø¯Ø§Ø¯Ù‡ Ù‡Ø§ÛŒÛŒ Ù…Ø±Ø¨
                                                  ÙˆØ· Ø¨Ù‡ Ù†Ø¸Ø±Ø§Øª Ø§Ø´Ø...

You may provide a definition with
\DeclareUnicodeCharacter 


! Package inputenc Error: Unicode character Ùˆ (U+0648)
(inputenc)                not set up for use with LaTeX.

See the inputenc package documentation for explanation.
Type  H <return>  for immediate help.
 ...                                              
                                                  
l.1 ...Ø§Ù„ Ø¨Ù‡ Ø´Ù…Ø§ Ø¯Ø§Ø¯Ù‡ Ù‡Ø§ÛŒÛŒ Ù…Ø±Ø¨Ùˆ
                                                  Ø· Ø¨Ù‡ Ù†Ø¸Ø±Ø§Øª Ø§Ø´Ø®Ø...

You may provide a definition with
\DeclareUnicodeCharacter 


! Package inputenc Error: Unicode character Ø· (U+0637)
(inputenc)                not set up for use with LaTeX.

See the inputenc package documentation for explanation.
Type  H <return>  for immediate help.
 ...                                              
                                                  
l.1 ...Ù„ Ø¨Ù‡ Ø´Ù…Ø§ Ø¯Ø§Ø¯Ù‡ Ù‡Ø§ÛŒÛŒ Ù…Ø±Ø¨ÙˆØ·
                                                   Ø¨Ù‡ Ù†Ø¸Ø±Ø§Øª Ø§Ø´Ø®Ø§Ø...

You may provide a definition with
\DeclareUnicodeCharacter 


! Package inputenc Error: Unicode character Ø¨ (U+0628)
(inputenc)                not set up for use with LaTeX.

See the inputenc package documentation for explanation.
Type  H <return>  for immediate help.
 ...                                              
                                                  
l.1 ...Ø¨Ù‡ Ø´Ù…Ø§ Ø¯Ø§Ø¯Ù‡ Ù‡Ø§ÛŒÛŒ Ù…Ø±Ø¨ÙˆØ· Ø¨
                                                  Ù‡ Ù†Ø¸Ø±Ø§Øª Ø§Ø´Ø®Ø§Øµ Ù...

You may provide a definition with
\DeclareUnicodeCharacter 


! Package inputenc Error: Unicode character Ù‡ (U+0647)
(inputenc)                not set up for use with LaTeX.

See the inputenc package documentation for explanation.
Type  H <return>  for immediate help.
 ...                                              
                                                  
l.1 ...Ù‡ Ø´Ù…Ø§ Ø¯Ø§Ø¯Ù‡ Ù‡Ø§ÛŒÛŒ Ù…Ø±Ø¨ÙˆØ· Ø¨Ù‡
                                                   Ù†Ø¸Ø±Ø§Øª Ø§Ø´Ø®Ø§Øµ Ù…Ø...

You may provide a definition with
\DeclareUnicodeCharacter 


! Package inputenc Error: Unicode character Ù† (U+0646)
(inputenc)                not set up for use with LaTeX.

See the inputenc package documentation for explanation.
Type  H <return>  for immediate help.
 ...                                              
                                                  
l.1 ...Ø´Ù…Ø§ Ø¯Ø§Ø¯Ù‡ Ù‡Ø§ÛŒÛŒ Ù…Ø±Ø¨ÙˆØ· Ø¨Ù‡ Ù†
                                                  Ø¸Ø±Ø§Øª Ø§Ø´Ø®Ø§Øµ Ù…Ø®Øª...

You may provide a definition with
\DeclareUnicodeCharacter 


! Package inputenc Error: Unicode character Ø¸ (U+0638)
(inputenc)                not set up for use with LaTeX.

See the inputenc package documentation for explanation.
Type  H <return>  for immediate help.
 ...                                              
                                                  
l.1 ...Ù…Ø§ Ø¯Ø§Ø¯Ù‡ Ù‡Ø§ÛŒÛŒ Ù…Ø±Ø¨ÙˆØ· Ø¨Ù‡ Ù†Ø¸
                                                  Ø±Ø§Øª Ø§Ø´Ø®Ø§Øµ Ù…Ø®ØªÙ„...

You may provide a definition with
\DeclareUnicodeCharacter 


! Package inputenc Error: Unicode character Ø± (U+0631)
(inputenc)                not set up for use with LaTeX.

See the inputenc package documentation for explanation.
Type  H <return>  for immediate help.
 ...                                              
                                                  
l.1 ...Ø§ Ø¯Ø§Ø¯Ù‡ Ù‡Ø§ÛŒÛŒ Ù…Ø±Ø¨ÙˆØ· Ø¨Ù‡ Ù†Ø¸Ø±
                                                  Ø§Øª Ø§Ø´Ø®Ø§Øµ Ù…Ø®ØªÙ„Ù...

You may provide a definition with
\DeclareUnicodeCharacter 


! Package inputenc Error: Unicode character Ø§ (U+0627)
(inputenc)                not set up for use with LaTeX.

See the inputenc package documentation for explanation.
Type  H <return>  for immediate help.
 ...                                              
                                                  
l.1 ... Ø¯Ø§Ø¯Ù‡ Ù‡Ø§ÛŒÛŒ Ù…Ø±Ø¨ÙˆØ· Ø¨Ù‡ Ù†Ø¸Ø±Ø§
                                                  Øª Ø§Ø´Ø®Ø§Øµ Ù…Ø®ØªÙ„Ù Ø...

You may provide a definition with
\DeclareUnicodeCharacter 


! Package inputenc Error: Unicode character Øª (U+062A)
(inputenc)                not set up for use with LaTeX.

See the inputenc package documentation for explanation.
Type  H <return>  for immediate help.
 ...                                              
                                                  
l.1 ...¯Ø§Ø¯Ù‡ Ù‡Ø§ÛŒÛŒ Ù…Ø±Ø¨ÙˆØ· Ø¨Ù‡ Ù†Ø¸Ø±Ø§Øª
                                                   Ø§Ø´Ø®Ø§Øµ Ù…Ø®ØªÙ„Ù Ø¯Ø...

You may provide a definition with
\DeclareUnicodeCharacter 


! Package inputenc Error: Unicode character Ø§ (U+0627)
(inputenc)                not set up for use with LaTeX.

See the inputenc package documentation for explanation.
Type  H <return>  for immediate help.
 ...                                              
                                                  
l.1 ...Ø¯Ù‡ Ù‡Ø§ÛŒÛŒ Ù…Ø±Ø¨ÙˆØ· Ø¨Ù‡ Ù†Ø¸Ø±Ø§Øª Ø§
                                                  Ø´Ø®Ø§Øµ Ù…Ø®ØªÙ„Ù Ø¯Ø± Ø...

You may provide a definition with
\DeclareUnicodeCharacter 


! Package inputenc Error: Unicode character Ø´ (U+0634)
(inputenc)                not set up for use with LaTeX.

See the inputenc package documentation for explanation.
Type  H <return>  for immediate help.
 ...                                              
                                                  
l.1 ...Ù‡ Ù‡Ø§ÛŒÛŒ Ù…Ø±Ø¨ÙˆØ· Ø¨Ù‡ Ù†Ø¸Ø±Ø§Øª Ø§Ø´
                                                  Ø®Ø§Øµ Ù…Ø®ØªÙ„Ù Ø¯Ø± Ø³Ø...

You may provide a definition with
\DeclareUnicodeCharacter 


! Package inputenc Error: Unicode character Ø® (U+062E)
(inputenc)                not set up for use with LaTeX.

See the inputenc package documentation for explanation.
Type  H <return>  for immediate help.
 ...                                              
                                                  
l.1 ... Ù‡Ø§ÛŒÛŒ Ù…Ø±Ø¨ÙˆØ· Ø¨Ù‡ Ù†Ø¸Ø±Ø§Øª Ø§Ø´Ø®
                                                  Ø§Øµ Ù…Ø®ØªÙ„Ù Ø¯Ø± Ø³Ø§Û...

You may provide a definition with
\DeclareUnicodeCharacter 


! Package inputenc Error: Unicode character Ø§ (U+0627)
(inputenc)                not set up for use with LaTeX.

See the inputenc package documentation for explanation.
Type  H <return>  for immediate help.
 ...                                              
                                                  
l.1 ...‡Ø§ÛŒÛŒ Ù…Ø±Ø¨ÙˆØ· Ø¨Ù‡ Ù†Ø¸Ø±Ø§Øª Ø§Ø´Ø®Ø§
                                                  Øµ Ù…Ø®ØªÙ„Ù Ø¯Ø± Ø³Ø§ÛŒØ...

You may provide a definition with
\DeclareUnicodeCharacter 


! Package inputenc Error: Unicode character Øµ (U+0635)
(inputenc)                not set up for use with LaTeX.

See the inputenc package documentation for explanation.
Type  H <return>  for immediate help.
 ...                                              
                                                  
l.1 ...§ÛŒÛŒ Ù…Ø±Ø¨ÙˆØ· Ø¨Ù‡ Ù†Ø¸Ø±Ø§Øª Ø§Ø´Ø®Ø§Øµ
                                                   Ù…Ø®ØªÙ„Ù Ø¯Ø± Ø³Ø§ÛŒØª ...

You may provide a definition with
\DeclareUnicodeCharacter 


! Package inputenc Error: Unicode character Ù… (U+0645)
(inputenc)                not set up for use with LaTeX.

See the inputenc package documentation for explanation.
Type  H <return>  for immediate help.
 ...                                              
                                                  
l.1 ...ÛŒ Ù…Ø±Ø¨ÙˆØ· Ø¨Ù‡ Ù†Ø¸Ø±Ø§Øª Ø§Ø´Ø®Ø§Øµ Ù…
                                                  Ø®ØªÙ„Ù Ø¯Ø± Ø³Ø§ÛŒØª IMD...

You may provide a definition with
\DeclareUnicodeCharacter 


! Package inputenc Error: Unicode character Ø® (U+062E)
(inputenc)                not set up for use with LaTeX.

See the inputenc package documentation for explanation.
Type  H <return>  for immediate help.
 ...                                              
                                                  
l.1 ... Ù…Ø±Ø¨ÙˆØ· Ø¨Ù‡ Ù†Ø¸Ø±Ø§Øª Ø§Ø´Ø®Ø§Øµ Ù…Ø®
                                                  ØªÙ„Ù Ø¯Ø± Ø³Ø§ÛŒØª IMDB ...

You may provide a definition with
\DeclareUnicodeCharacter 


! Package inputenc Error: Unicode character Øª (U+062A)
(inputenc)                not set up for use with LaTeX.

See the inputenc package documentation for explanation.
Type  H <return>  for immediate help.
 ...                                              
                                                  
l.1 ...…Ø±Ø¨ÙˆØ· Ø¨Ù‡ Ù†Ø¸Ø±Ø§Øª Ø§Ø´Ø®Ø§Øµ Ù…Ø®Øª
                                                  Ù„Ù Ø¯Ø± Ø³Ø§ÛŒØª IMDB Ù†...

You may provide a definition with
\DeclareUnicodeCharacter 


! Package inputenc Error: Unicode character Ù„ (U+0644)
(inputenc)                not set up for use with LaTeX.

See the inputenc package documentation for explanation.
Type  H <return>  for immediate help.
 ...                                              
                                                  
l.1 ...±Ø¨ÙˆØ· Ø¨Ù‡ Ù†Ø¸Ø±Ø§Øª Ø§Ø´Ø®Ø§Øµ Ù…Ø®ØªÙ„
                                                  Ù Ø¯Ø± Ø³Ø§ÛŒØª IMDB Ù†Ø³...

You may provide a definition with
\DeclareUnicodeCharacter 


! Package inputenc Error: Unicode character Ù (U+0641)
(inputenc)                not set up for use with LaTeX.

See the inputenc package documentation for explanation.
Type  H <return>  for immediate help.
 ...                                              
                                                  
l.1 ...¨ÙˆØ· Ø¨Ù‡ Ù†Ø¸Ø±Ø§Øª Ø§Ø´Ø®Ø§Øµ Ù…Ø®ØªÙ„Ù
                                                   Ø¯Ø± Ø³Ø§ÛŒØª IMDB Ù†Ø³Ø¨...

You may provide a definition with
\DeclareUnicodeCharacter 


! Package inputenc Error: Unicode character Ø¯ (U+062F)
(inputenc)                not set up for use with LaTeX.

See the inputenc package documentation for explanation.
Type  H <return>  for immediate help.
 ...                                              
                                                  
l.1 ...Ø· Ø¨Ù‡ Ù†Ø¸Ø±Ø§Øª Ø§Ø´Ø®Ø§Øµ Ù…Ø®ØªÙ„Ù Ø¯
                                                  Ø± Ø³Ø§ÛŒØª IMDB Ù†Ø³Ø¨Øª ...

You may provide a definition with
\DeclareUnicodeCharacter 


! Package inputenc Error: Unicode character Ø± (U+0631)
(inputenc)                not set up for use with LaTeX.

See the inputenc package documentation for explanation.
Type  H <return>  for immediate help.
 ...                                              
                                                  
l.1 ... Ø¨Ù‡ Ù†Ø¸Ø±Ø§Øª Ø§Ø´Ø®Ø§Øµ Ù…Ø®ØªÙ„Ù Ø¯Ø±
                                                   Ø³Ø§ÛŒØª IMDB Ù†Ø³Ø¨Øª Ø¨...

You may provide a definition with
\DeclareUnicodeCharacter 


! Package inputenc Error: Unicode character Ø³ (U+0633)
(inputenc)                not set up for use with LaTeX.

See the inputenc package documentation for explanation.
Type  H <return>  for immediate help.
 ...                                              
                                                  
l.1 ...Ù‡ Ù†Ø¸Ø±Ø§Øª Ø§Ø´Ø®Ø§Øµ Ù…Ø®ØªÙ„Ù Ø¯Ø± Ø³
                                                  Ø§ÛŒØª IMDB Ù†Ø³Ø¨Øª Ø¨Ù‡ ...

You may provide a definition with
\DeclareUnicodeCharacter 


! Package inputenc Error: Unicode character Ø§ (U+0627)
(inputenc)                not set up for use with LaTeX.

See the inputenc package documentation for explanation.
Type  H <return>  for immediate help.
 ...                                              
                                                  
l.1 ... Ù†Ø¸Ø±Ø§Øª Ø§Ø´Ø®Ø§Øµ Ù…Ø®ØªÙ„Ù Ø¯Ø± Ø³Ø§
                                                  ÛŒØª IMDB Ù†Ø³Ø¨Øª Ø¨Ù‡ Ù...

You may provide a definition with
\DeclareUnicodeCharacter 


! Package inputenc Error: Unicode character ÛŒ (U+06CC)
(inputenc)                not set up for use with LaTeX.

See the inputenc package documentation for explanation.
Type  H <return>  for immediate help.
 ...                                              
                                                  
l.1 ...†Ø¸Ø±Ø§Øª Ø§Ø´Ø®Ø§Øµ Ù…Ø®ØªÙ„Ù Ø¯Ø± Ø³Ø§ÛŒ
                                                  Øª IMDB Ù†Ø³Ø¨Øª Ø¨Ù‡ ÙÛŒ...

You may provide a definition with
\DeclareUnicodeCharacter 


! Package inputenc Error: Unicode character Øª (U+062A)
(inputenc)                not set up for use with LaTeX.

See the inputenc package documentation for explanation.
Type  H <return>  for immediate help.
 ...                                              
                                                  
l.1 ...¸Ø±Ø§Øª Ø§Ø´Ø®Ø§Øµ Ù…Ø®ØªÙ„Ù Ø¯Ø± Ø³Ø§ÛŒØª
                                                   IMDB Ù†Ø³Ø¨Øª Ø¨Ù‡ ÙÛŒÙ„...

You may provide a definition with
\DeclareUnicodeCharacter 


! LaTeX Error: Missing \begin{document}.

See the LaTeX manual or LaTeX Companion for explanation.
Type  H <return>  for immediate help.
 ...                                              
                                                  
l.1 ...±Ø§Øª Ø§Ø´Ø®Ø§Øµ Ù…Ø®ØªÙ„Ù Ø¯Ø± Ø³Ø§ÛŒØª I
                                                  MDB Ù†Ø³Ø¨Øª Ø¨Ù‡ ÙÛŒÙ„Ù…...

You're in trouble here.  Try typing  <return>  to proceed.
If that doesn't work, type  X <return>  to quit.

Missing character: There is no I in font nullfont!
Missing character: There is no M in font nullfont!
Missing character: There is no D in font nullfont!
Missing character: There is no B in font nullfont!

! Package inputenc Error: Unicode character Ù† (U+0646)
(inputenc)                not set up for use with LaTeX.

See the inputenc package documentation for explanation.
Type  H <return>  for immediate help.
 ...                                              
                                                  
l.1 ...Ø§Ø´Ø®Ø§Øµ Ù…Ø®ØªÙ„Ù Ø¯Ø± Ø³Ø§ÛŒØª IMDB Ù†
                                                  Ø³Ø¨Øª Ø¨Ù‡ ÙÛŒÙ„Ù… Ù‡Ø§Û...

You may provide a definition with
\DeclareUnicodeCharacter 


! Package inputenc Error: Unicode character Ø³ (U+0633)
(inputenc)                not set up for use with LaTeX.

See the inputenc package documentation for explanation.
Type  H <return>  for immediate help.
 ...                                              
                                                  
l.1 ...Ø´Ø®Ø§Øµ Ù…Ø®ØªÙ„Ù Ø¯Ø± Ø³Ø§ÛŒØª IMDB Ù†Ø³
                                                  Ø¨Øª Ø¨Ù‡ ÙÛŒÙ„Ù… Ù‡Ø§ÛŒ ...

You may provide a definition with
\DeclareUnicodeCharacter 


! Package inputenc Error: Unicode character Ø¨ (U+0628)
(inputenc)                not set up for use with LaTeX.

See the inputenc package documentation for explanation.
Type  H <return>  for immediate help.
 ...                                              
                                                  
l.1 ...Ø®Ø§Øµ Ù…Ø®ØªÙ„Ù Ø¯Ø± Ø³Ø§ÛŒØª IMDB Ù†Ø³Ø¨
                                                  Øª Ø¨Ù‡ ÙÛŒÙ„Ù… Ù‡Ø§ÛŒ Ù…...

You may provide a definition with
\DeclareUnicodeCharacter 


! Package inputenc Error: Unicode character Øª (U+062A)
(inputenc)                not set up for use with LaTeX.

See the inputenc package documentation for explanation.
Type  H <return>  for immediate help.
 ...                                              
                                                  
l.1 ...Ø§Øµ Ù…Ø®ØªÙ„Ù Ø¯Ø± Ø³Ø§ÛŒØª IMDB Ù†Ø³Ø¨Øª
                                                   Ø¨Ù‡ ÙÛŒÙ„Ù… Ù‡Ø§ÛŒ Ù…Ø®...

You may provide a definition with
\DeclareUnicodeCharacter 


! Package inputenc Error: Unicode character Ø¨ (U+0628)
(inputenc)                not set up for use with LaTeX.

See the inputenc package documentation for explanation.
Type  H <return>  for immediate help.
 ...                                              
                                                  
l.1 ...µ Ù…Ø®ØªÙ„Ù Ø¯Ø± Ø³Ø§ÛŒØª IMDB Ù†Ø³Ø¨Øª Ø¨
                                                  Ù‡ ÙÛŒÙ„Ù… Ù‡Ø§ÛŒ Ù…Ø®ØªÙ...

You may provide a definition with
\DeclareUnicodeCharacter 


! Package inputenc Error: Unicode character Ù‡ (U+0647)
(inputenc)                not set up for use with LaTeX.

See the inputenc package documentation for explanation.
Type  H <return>  for immediate help.
 ...                                              
                                                  
l.1 ...Ù…Ø®ØªÙ„Ù Ø¯Ø± Ø³Ø§ÛŒØª IMDB Ù†Ø³Ø¨Øª Ø¨Ù‡
                                                   ÙÛŒÙ„Ù… Ù‡Ø§ÛŒ Ù…Ø®ØªÙ„Ù...

You may provide a definition with
\DeclareUnicodeCharacter 


! Package inputenc Error: Unicode character Ù (U+0641)
(inputenc)                not set up for use with LaTeX.

See the inputenc package documentation for explanation.
Type  H <return>  for immediate help.
 ...                                              
                                                  
l.1 ...®ØªÙ„Ù Ø¯Ø± Ø³Ø§ÛŒØª IMDB Ù†Ø³Ø¨Øª Ø¨Ù‡ Ù
                                                  ÛŒÙ„Ù… Ù‡Ø§ÛŒ Ù…Ø®ØªÙ„Ù Ø...

You may provide a definition with
\DeclareUnicodeCharacter 


! Package inputenc Error: Unicode character ÛŒ (U+06CC)
(inputenc)                not set up for use with LaTeX.

See the inputenc package documentation for explanation.
Type  H <return>  for immediate help.
 ...                                              
                                                  
l.1 ...ªÙ„Ù Ø¯Ø± Ø³Ø§ÛŒØª IMDB Ù†Ø³Ø¨Øª Ø¨Ù‡ ÙÛŒ
                                                  Ù„Ù… Ù‡Ø§ÛŒ Ù…Ø®ØªÙ„Ù Ø¯Ø...

You may provide a definition with
\DeclareUnicodeCharacter 


! Package inputenc Error: Unicode character Ù„ (U+0644)
(inputenc)                not set up for use with LaTeX.

See the inputenc package documentation for explanation.
Type  H <return>  for immediate help.
 ...                                              
                                                  
l.1 ...„Ù Ø¯Ø± Ø³Ø§ÛŒØª IMDB Ù†Ø³Ø¨Øª Ø¨Ù‡ ÙÛŒÙ„
                                                  Ù… Ù‡Ø§ÛŒ Ù…Ø®ØªÙ„Ù Ø¯Ø§Ø...

You may provide a definition with
\DeclareUnicodeCharacter 


! Package inputenc Error: Unicode character Ù… (U+0645)
(inputenc)                not set up for use with LaTeX.

See the inputenc package documentation for explanation.
Type  H <return>  for immediate help.
 ...                                              
                                                  
l.1 ... Ø¯Ø± Ø³Ø§ÛŒØª IMDB Ù†Ø³Ø¨Øª Ø¨Ù‡ ÙÛŒÙ„Ù…
                                                   Ù‡Ø§ÛŒ Ù…Ø®ØªÙ„Ù Ø¯Ø§Ø¯Ù...

You may provide a definition with
\DeclareUnicodeCharacter 


! Package inputenc Error: Unicode character Ù‡ (U+0647)
(inputenc)                not set up for use with LaTeX.

See the inputenc package documentation for explanation.
Type  H <return>  for immediate help.
 ...                                              
                                                  
l.1 ...¯Ø± Ø³Ø§ÛŒØª IMDB Ù†Ø³Ø¨Øª Ø¨Ù‡ ÙÛŒÙ„Ù… Ù‡
                                                  Ø§ÛŒ Ù…Ø®ØªÙ„Ù Ø¯Ø§Ø¯Ù‡ Ø...

You may provide a definition with
\DeclareUnicodeCharacter 


! Package inputenc Error: Unicode character Ø§ (U+0627)
(inputenc)                not set up for use with LaTeX.

See the inputenc package documentation for explanation.
Type  H <return>  for immediate help.
 ...                                              
                                                  
l.1 ...± Ø³Ø§ÛŒØª IMDB Ù†Ø³Ø¨Øª Ø¨Ù‡ ÙÛŒÙ„Ù… Ù‡Ø§
                                                  ÛŒ Ù…Ø®ØªÙ„Ù Ø¯Ø§Ø¯Ù‡ Ø´Ø...

You may provide a definition with
\DeclareUnicodeCharacter 


! Package inputenc Error: Unicode character ÛŒ (U+06CC)
(inputenc)                not set up for use with LaTeX.

See the inputenc package documentation for explanation.
Type  H <return>  for immediate help.
 ...                                              
                                                  
l.1 ...Ø³Ø§ÛŒØª IMDB Ù†Ø³Ø¨Øª Ø¨Ù‡ ÙÛŒÙ„Ù… Ù‡Ø§ÛŒ
                                                   Ù…Ø®ØªÙ„Ù Ø¯Ø§Ø¯Ù‡ Ø´Ø¯Ù...

You may provide a definition with
\DeclareUnicodeCharacter 


! Package inputenc Error: Unicode character Ù… (U+0645)
(inputenc)                not set up for use with LaTeX.

See the inputenc package documentation for explanation.
Type  H <return>  for immediate help.
 ...                                              
                                                  
l.1 ...§ÛŒØª IMDB Ù†Ø³Ø¨Øª Ø¨Ù‡ ÙÛŒÙ„Ù… Ù‡Ø§ÛŒ Ù…
                                                  Ø®ØªÙ„Ù Ø¯Ø§Ø¯Ù‡ Ø´Ø¯Ù‡ Ø...

You may provide a definition with
\DeclareUnicodeCharacter 


! Package inputenc Error: Unicode character Ø® (U+062E)
(inputenc)                not set up for use with LaTeX.

See the inputenc package documentation for explanation.
Type  H <return>  for immediate help.
 ...                                              
                                                  
l.1 ...ŒØª IMDB Ù†Ø³Ø¨Øª Ø¨Ù‡ ÙÛŒÙ„Ù… Ù‡Ø§ÛŒ Ù…Ø®
                                                  ØªÙ„Ù Ø¯Ø§Ø¯Ù‡ Ø´Ø¯Ù‡ Ø§Ø...

You may provide a definition with
\DeclareUnicodeCharacter 


! Package inputenc Error: Unicode character Øª (U+062A)
(inputenc)                not set up for use with LaTeX.

See the inputenc package documentation for explanation.
Type  H <return>  for immediate help.
 ...                                              
                                                  
l.1 ...ª IMDB Ù†Ø³Ø¨Øª Ø¨Ù‡ ÙÛŒÙ„Ù… Ù‡Ø§ÛŒ Ù…Ø®Øª
                                                  Ù„Ù Ø¯Ø§Ø¯Ù‡ Ø´Ø¯Ù‡ Ø§Ø³Ø...

You may provide a definition with
\DeclareUnicodeCharacter 


! Package inputenc Error: Unicode character Ù„ (U+0644)
(inputenc)                not set up for use with LaTeX.

See the inputenc package documentation for explanation.
Type  H <return>  for immediate help.
 ...                                              
                                                  
l.1 ...IMDB Ù†Ø³Ø¨Øª Ø¨Ù‡ ÙÛŒÙ„Ù… Ù‡Ø§ÛŒ Ù…Ø®ØªÙ„
                                                  Ù Ø¯Ø§Ø¯Ù‡ Ø´Ø¯Ù‡ Ø§Ø³Øª....

You may provide a definition with
\DeclareUnicodeCharacter 


! Package inputenc Error: Unicode character Ù (U+0641)
(inputenc)                not set up for use with LaTeX.

See the inputenc package documentation for explanation.
Type  H <return>  for immediate help.
 ...                                              
                                                  
l.1 ...DB Ù†Ø³Ø¨Øª Ø¨Ù‡ ÙÛŒÙ„Ù… Ù‡Ø§ÛŒ Ù…Ø®ØªÙ„Ù
                                                   Ø¯Ø§Ø¯Ù‡ Ø´Ø¯Ù‡ Ø§Ø³Øª. Ø...

You may provide a definition with
\DeclareUnicodeCharacter 


! Package inputenc Error: Unicode character Ø¯ (U+062F)
(inputenc)                not set up for use with LaTeX.

See the inputenc package documentation for explanation.
Type  H <return>  for immediate help.
 ...                                              
                                                  
l.1 ...Ù†Ø³Ø¨Øª Ø¨Ù‡ ÙÛŒÙ„Ù… Ù‡Ø§ÛŒ Ù…Ø®ØªÙ„Ù Ø¯
                                                  Ø§Ø¯Ù‡ Ø´Ø¯Ù‡ Ø§Ø³Øª. Ø¯Ø§...

You may provide a definition with
\DeclareUnicodeCharacter 


! Package inputenc Error: Unicode character Ø§ (U+0627)
(inputenc)                not set up for use with LaTeX.

See the inputenc package documentation for explanation.
Type  H <return>  for immediate help.
 ...                                              
                                                  
l.1 ...Ø³Ø¨Øª Ø¨Ù‡ ÙÛŒÙ„Ù… Ù‡Ø§ÛŒ Ù…Ø®ØªÙ„Ù Ø¯Ø§
                                                  Ø¯Ù‡ Ø´Ø¯Ù‡ Ø§Ø³Øª. Ø¯Ø§Ø¯...

You may provide a definition with
\DeclareUnicodeCharacter 


! Package inputenc Error: Unicode character Ø¯ (U+062F)
(inputenc)                not set up for use with LaTeX.

See the inputenc package documentation for explanation.
Type  H <return>  for immediate help.
 ...                                              
                                                  
l.1 ...Ø¨Øª Ø¨Ù‡ ÙÛŒÙ„Ù… Ù‡Ø§ÛŒ Ù…Ø®ØªÙ„Ù Ø¯Ø§Ø¯
                                                  Ù‡ Ø´Ø¯Ù‡ Ø§Ø³Øª. Ø¯Ø§Ø¯Ù‡...

You may provide a definition with
\DeclareUnicodeCharacter 


! Package inputenc Error: Unicode character Ù‡ (U+0647)
(inputenc)                not set up for use with LaTeX.

See the inputenc package documentation for explanation.
Type  H <return>  for immediate help.
 ...                                              
                                                  
l.1 ...Øª Ø¨Ù‡ ÙÛŒÙ„Ù… Ù‡Ø§ÛŒ Ù…Ø®ØªÙ„Ù Ø¯Ø§Ø¯Ù‡
                                                   Ø´Ø¯Ù‡ Ø§Ø³Øª. Ø¯Ø§Ø¯Ù‡ Ù...

You may provide a definition with
\DeclareUnicodeCharacter 


! Package inputenc Error: Unicode character Ø´ (U+0634)
(inputenc)                not set up for use with LaTeX.

See the inputenc package documentation for explanation.
Type  H <return>  for immediate help.
 ...                                              
                                                  
l.1 ...Ø¨Ù‡ ÙÛŒÙ„Ù… Ù‡Ø§ÛŒ Ù…Ø®ØªÙ„Ù Ø¯Ø§Ø¯Ù‡ Ø´
                                                  Ø¯Ù‡ Ø§Ø³Øª. Ø¯Ø§Ø¯Ù‡ Ù‡Ø§...

You may provide a definition with
\DeclareUnicodeCharacter 


! Package inputenc Error: Unicode character Ø¯ (U+062F)
(inputenc)                not set up for use with LaTeX.

See the inputenc package documentation for explanation.
Type  H <return>  for immediate help.
 ...                                              
                                                  
l.1 ...Ù‡ ÙÛŒÙ„Ù… Ù‡Ø§ÛŒ Ù…Ø®ØªÙ„Ù Ø¯Ø§Ø¯Ù‡ Ø´Ø¯
                                                  Ù‡ Ø§Ø³Øª. Ø¯Ø§Ø¯Ù‡ Ù‡Ø§ÛŒ...

You may provide a definition with
\DeclareUnicodeCharacter 


! Package inputenc Error: Unicode character Ù‡ (U+0647)
(inputenc)                not set up for use with LaTeX.

See the inputenc package documentation for explanation.
Type  H <return>  for immediate help.
 ...                                              
                                                  
l.1 ... ÙÛŒÙ„Ù… Ù‡Ø§ÛŒ Ù…Ø®ØªÙ„Ù Ø¯Ø§Ø¯Ù‡ Ø´Ø¯Ù‡
                                                   Ø§Ø³Øª. Ø¯Ø§Ø¯Ù‡ Ù‡Ø§ÛŒ T...

You may provide a definition with
\DeclareUnicodeCharacter 


! Package inputenc Error: Unicode character Ø§ (U+0627)
(inputenc)                not set up for use with LaTeX.

See the inputenc package documentation for explanation.
Type  H <return>  for immediate help.
 ...                                              
                                                  
l.1 ...ÛŒÙ„Ù… Ù‡Ø§ÛŒ Ù…Ø®ØªÙ„Ù Ø¯Ø§Ø¯Ù‡ Ø´Ø¯Ù‡ Ø§
                                                  Ø³Øª. Ø¯Ø§Ø¯Ù‡ Ù‡Ø§ÛŒ Trai...

You may provide a definition with
\DeclareUnicodeCharacter 


! Package inputenc Error: Unicode character Ø³ (U+0633)
(inputenc)                not set up for use with LaTeX.

See the inputenc package documentation for explanation.
Type  H <return>  for immediate help.
 ...                                              
                                                  
l.1 ...Ù„Ù… Ù‡Ø§ÛŒ Ù…Ø®ØªÙ„Ù Ø¯Ø§Ø¯Ù‡ Ø´Ø¯Ù‡ Ø§Ø³
                                                  Øª. Ø¯Ø§Ø¯Ù‡ Ù‡Ø§ÛŒ Train ...

You may provide a definition with
\DeclareUnicodeCharacter 


! Package inputenc Error: Unicode character Øª (U+062A)
(inputenc)                not set up for use with LaTeX.

See the inputenc package documentation for explanation.
Type  H <return>  for immediate help.
 ...                                              
                                                  
l.1 ...Ù… Ù‡Ø§ÛŒ Ù…Ø®ØªÙ„Ù Ø¯Ø§Ø¯Ù‡ Ø´Ø¯Ù‡ Ø§Ø³Øª
                                                  . Ø¯Ø§Ø¯Ù‡ Ù‡Ø§ÛŒ Train Ùˆ...

You may provide a definition with
\DeclareUnicodeCharacter 

Missing character: There is no . in font nullfont!

! Package inputenc Error: Unicode character Ø¯ (U+062F)
(inputenc)                not set up for use with LaTeX.

See the inputenc package documentation for explanation.
Type  H <return>  for immediate help.
 ...                                              
                                                  
l.1 ...‡Ø§ÛŒ Ù…Ø®ØªÙ„Ù Ø¯Ø§Ø¯Ù‡ Ø´Ø¯Ù‡ Ø§Ø³Øª. Ø¯
                                                  Ø§Ø¯Ù‡ Ù‡Ø§ÛŒ Train Ùˆ Tes...

You may provide a definition with
\DeclareUnicodeCharacter 


! Package inputenc Error: Unicode character Ø§ (U+0627)
(inputenc)                not set up for use with LaTeX.

See the inputenc package documentation for explanation.
Type  H <return>  for immediate help.
 ...                                              
                                                  
l.1 ...§ÛŒ Ù…Ø®ØªÙ„Ù Ø¯Ø§Ø¯Ù‡ Ø´Ø¯Ù‡ Ø§Ø³Øª. Ø¯Ø§
                                                  Ø¯Ù‡ Ù‡Ø§ÛŒ Train Ùˆ Test ...

You may provide a definition with
\DeclareUnicodeCharacter 


! Package inputenc Error: Unicode character Ø¯ (U+062F)
(inputenc)                not set up for use with LaTeX.

See the inputenc package documentation for explanation.
Type  H <return>  for immediate help.
 ...                                              
                                                  
l.1 ...Œ Ù…Ø®ØªÙ„Ù Ø¯Ø§Ø¯Ù‡ Ø´Ø¯Ù‡ Ø§Ø³Øª. Ø¯Ø§Ø¯
                                                  Ù‡ Ù‡Ø§ÛŒ Train Ùˆ Test Ø¯...

You may provide a definition with
\DeclareUnicodeCharacter 


! Package inputenc Error: Unicode character Ù‡ (U+0647)
(inputenc)                not set up for use with LaTeX.

See the inputenc package documentation for explanation.
Type  H <return>  for immediate help.
 ...                                              
                                                  
l.1 ...Ù…Ø®ØªÙ„Ù Ø¯Ø§Ø¯Ù‡ Ø´Ø¯Ù‡ Ø§Ø³Øª. Ø¯Ø§Ø¯Ù‡
                                                   Ù‡Ø§ÛŒ Train Ùˆ Test Ø¯Ø±...

You may provide a definition with
\DeclareUnicodeCharacter 


! Package inputenc Error: Unicode character Ù‡ (U+0647)
(inputenc)                not set up for use with LaTeX.

See the inputenc package documentation for explanation.
Type  H <return>  for immediate help.
 ...                                              
                                                  
l.1 ...®ØªÙ„Ù Ø¯Ø§Ø¯Ù‡ Ø´Ø¯Ù‡ Ø§Ø³Øª. Ø¯Ø§Ø¯Ù‡ Ù‡
                                                  Ø§ÛŒ Train Ùˆ Test Ø¯Ø± Ù¾...

You may provide a definition with
\DeclareUnicodeCharacter 


! Package inputenc Error: Unicode character Ø§ (U+0627)
(inputenc)                not set up for use with LaTeX.

See the inputenc package documentation for explanation.
Type  H <return>  for immediate help.
 ...                                              
                                                  
l.1 ...ªÙ„Ù Ø¯Ø§Ø¯Ù‡ Ø´Ø¯Ù‡ Ø§Ø³Øª. Ø¯Ø§Ø¯Ù‡ Ù‡Ø§
                                                  ÛŒ Train Ùˆ Test Ø¯Ø± Ù¾Ùˆ...

You may provide a definition with
\DeclareUnicodeCharacter 


! Package inputenc Error: Unicode character ÛŒ (U+06CC)
(inputenc)                not set up for use with LaTeX.

See the inputenc package documentation for explanation.
Type  H <return>  for immediate help.
 ...                                              
                                                  
l.1 ...„Ù Ø¯Ø§Ø¯Ù‡ Ø´Ø¯Ù‡ Ø§Ø³Øª. Ø¯Ø§Ø¯Ù‡ Ù‡Ø§ÛŒ
                                                   Train Ùˆ Test Ø¯Ø± Ù¾ÙˆØ´...

You may provide a definition with
\DeclareUnicodeCharacter 

Missing character: There is no T in font nullfont!
Missing character: There is no r in font nullfont!
Missing character: There is no a in font nullfont!
Missing character: There is no i in font nullfont!
Missing character: There is no n in font nullfont!

! Package inputenc Error: Unicode character Ùˆ (U+0648)
(inputenc)                not set up for use with LaTeX.

See the inputenc package documentation for explanation.
Type  H <return>  for immediate help.
 ...                                              
                                                  
l.1 ...¯Ù‡ Ø´Ø¯Ù‡ Ø§Ø³Øª. Ø¯Ø§Ø¯Ù‡ Ù‡Ø§ÛŒ Train Ùˆ
                                                   Test Ø¯Ø± Ù¾ÙˆØ´Ù‡ Ù‡Ø§ÛŒ...

You may provide a definition with
\DeclareUnicodeCharacter 

Missing character: There is no T in font nullfont!
Missing character: There is no e in font nullfont!
Missing character: There is no s in font nullfont!
Missing character: There is no t in font nullfont!

! Package inputenc Error: Unicode character Ø¯ (U+062F)
(inputenc)                not set up for use with LaTeX.

See the inputenc package documentation for explanation.
Type  H <return>  for immediate help.
 ...                                              
                                                  
l.1 ...Ù‡ Ø§Ø³Øª. Ø¯Ø§Ø¯Ù‡ Ù‡Ø§ÛŒ Train Ùˆ Test Ø¯
                                                  Ø± Ù¾ÙˆØ´Ù‡ Ù‡Ø§ÛŒ Ø¬Ø¯Ø§Ú...

You may provide a definition with
\DeclareUnicodeCharacter 


! Package inputenc Error: Unicode character Ø± (U+0631)
(inputenc)                not set up for use with LaTeX.

See the inputenc package documentation for explanation.
Type  H <return>  for immediate help.
 ...                                              
                                                  
l.1 ... Ø§Ø³Øª. Ø¯Ø§Ø¯Ù‡ Ù‡Ø§ÛŒ Train Ùˆ Test Ø¯Ø±
                                                   Ù¾ÙˆØ´Ù‡ Ù‡Ø§ÛŒ Ø¬Ø¯Ø§Ú¯Ø...

You may provide a definition with
\DeclareUnicodeCharacter 


! Package inputenc Error: Unicode character Ù¾ (U+067E)
(inputenc)                not set up for use with LaTeX.

See the inputenc package documentation for explanation.
Type  H <return>  for immediate help.
 ...                                              
                                                  
l.1 ...Ø³Øª. Ø¯Ø§Ø¯Ù‡ Ù‡Ø§ÛŒ Train Ùˆ Test Ø¯Ø± Ù¾
                                                  ÙˆØ´Ù‡ Ù‡Ø§ÛŒ Ø¬Ø¯Ø§Ú¯Ø§Ù†...

You may provide a definition with
\DeclareUnicodeCharacter 


! Package inputenc Error: Unicode character Ùˆ (U+0648)
(inputenc)                not set up for use with LaTeX.

See the inputenc package documentation for explanation.
Type  H <return>  for immediate help.
 ...                                              
                                                  
l.1 ...Øª. Ø¯Ø§Ø¯Ù‡ Ù‡Ø§ÛŒ Train Ùˆ Test Ø¯Ø± Ù¾Ùˆ
                                                  Ø´Ù‡ Ù‡Ø§ÛŒ Ø¬Ø¯Ø§Ú¯Ø§Ù†Ù‡...

You may provide a definition with
\DeclareUnicodeCharacter 


! Package inputenc Error: Unicode character Ø´ (U+0634)
(inputenc)                not set up for use with LaTeX.

See the inputenc package documentation for explanation.
Type  H <return>  for immediate help.
 ...                                              
                                                  
l.1 .... Ø¯Ø§Ø¯Ù‡ Ù‡Ø§ÛŒ Train Ùˆ Test Ø¯Ø± Ù¾ÙˆØ´
                                                  Ù‡ Ù‡Ø§ÛŒ Ø¬Ø¯Ø§Ú¯Ø§Ù†Ù‡ Ø...

You may provide a definition with
\DeclareUnicodeCharacter 


! Package inputenc Error: Unicode character Ù‡ (U+0647)
(inputenc)                not set up for use with LaTeX.

See the inputenc package documentation for explanation.
Type  H <return>  for immediate help.
 ...                                              
                                                  
l.1 ...Ø¯Ø§Ø¯Ù‡ Ù‡Ø§ÛŒ Train Ùˆ Test Ø¯Ø± Ù¾ÙˆØ´Ù‡
                                                   Ù‡Ø§ÛŒ Ø¬Ø¯Ø§Ú¯Ø§Ù†Ù‡ Ø¨Ø...

You may provide a definition with
\DeclareUnicodeCharacter 


! Package inputenc Error: Unicode character Ù‡ (U+0647)
(inputenc)                not set up for use with LaTeX.

See the inputenc package documentation for explanation.
Type  H <return>  for immediate help.
 ...                                              
                                                  
l.1 ...§Ø¯Ù‡ Ù‡Ø§ÛŒ Train Ùˆ Test Ø¯Ø± Ù¾ÙˆØ´Ù‡ Ù‡
                                                  Ø§ÛŒ Ø¬Ø¯Ø§Ú¯Ø§Ù†Ù‡ Ø¨Ø§ Ø...

You may provide a definition with
\DeclareUnicodeCharacter 


! Package inputenc Error: Unicode character Ø§ (U+0627)
(inputenc)                not set up for use with LaTeX.

See the inputenc package documentation for explanation.
Type  H <return>  for immediate help.
 ...                                              
                                                  
l.1 ...¯Ù‡ Ù‡Ø§ÛŒ Train Ùˆ Test Ø¯Ø± Ù¾ÙˆØ´Ù‡ Ù‡Ø§
                                                  ÛŒ Ø¬Ø¯Ø§Ú¯Ø§Ù†Ù‡ Ø¨Ø§ Ø²Û...

You may provide a definition with
\DeclareUnicodeCharacter 


! Package inputenc Error: Unicode character ÛŒ (U+06CC)
(inputenc)                not set up for use with LaTeX.

See the inputenc package documentation for explanation.
Type  H <return>  for immediate help.
 ...                                              
                                                  
l.1 ...‡ Ù‡Ø§ÛŒ Train Ùˆ Test Ø¯Ø± Ù¾ÙˆØ´Ù‡ Ù‡Ø§ÛŒ
                                                   Ø¬Ø¯Ø§Ú¯Ø§Ù†Ù‡ Ø¨Ø§ Ø²ÛŒØ...

You may provide a definition with
\DeclareUnicodeCharacter 


! Package inputenc Error: Unicode character Ø¬ (U+062C)
(inputenc)                not set up for use with LaTeX.

See the inputenc package documentation for explanation.
Type  H <return>  for immediate help.
 ...                                              
                                                  
l.1 ...‡Ø§ÛŒ Train Ùˆ Test Ø¯Ø± Ù¾ÙˆØ´Ù‡ Ù‡Ø§ÛŒ Ø¬
                                                  Ø¯Ø§Ú¯Ø§Ù†Ù‡ Ø¨Ø§ Ø²ÛŒØ±Ù¾...

You may provide a definition with
\DeclareUnicodeCharacter 


! Package inputenc Error: Unicode character Ø¯ (U+062F)
(inputenc)                not set up for use with LaTeX.

See the inputenc package documentation for explanation.
Type  H <return>  for immediate help.
 ...                                              
                                                  
l.1 ...§ÛŒ Train Ùˆ Test Ø¯Ø± Ù¾ÙˆØ´Ù‡ Ù‡Ø§ÛŒ Ø¬Ø¯
                                                  Ø§Ú¯Ø§Ù†Ù‡ Ø¨Ø§ Ø²ÛŒØ±Ù¾Ùˆ...

You may provide a definition with
\DeclareUnicodeCharacter 


! Package inputenc Error: Unicode character Ø§ (U+0627)
(inputenc)                not set up for use with LaTeX.

See the inputenc package documentation for explanation.
Type  H <return>  for immediate help.
 ...                                              
                                                  
l.1 ...Œ Train Ùˆ Test Ø¯Ø± Ù¾ÙˆØ´Ù‡ Ù‡Ø§ÛŒ Ø¬Ø¯Ø§
                                                  Ú¯Ø§Ù†Ù‡ Ø¨Ø§ Ø²ÛŒØ±Ù¾ÙˆØ´...

You may provide a definition with
\DeclareUnicodeCharacter 


! Package inputenc Error: Unicode character Ú¯ (U+06AF)
(inputenc)                not set up for use with LaTeX.

See the inputenc package documentation for explanation.
Type  H <return>  for immediate help.
 ...                                              
                                                  
l.1 ...Train Ùˆ Test Ø¯Ø± Ù¾ÙˆØ´Ù‡ Ù‡Ø§ÛŒ Ø¬Ø¯Ø§Ú¯
                                                  Ø§Ù†Ù‡ Ø¨Ø§ Ø²ÛŒØ±Ù¾ÙˆØ´Ù‡...
(That makes 100 errors; please try again.) 
Here is how much of TeX's memory you used:
 40 strings out of 480790
 772 string characters out of 2897301
 238890 words of memory out of 3000000
 16151 multiletter control sequences out of 15000+200000
 532338 words of font info for 24 fonts, out of 3000000 for 9000
 1141 hyphenation exceptions out of 8191
 12i,0n,15p,1392b,14s stack positions out of 5000i,500n,10000p,200000b,50000s

!  ==> Fatal error occurred, no output PDF file produced!
